<?xml version="1.0" encoding="UTF-8"?>
<testsuite name="CreateBlockchainTest" tests="1" skipped="0" failures="0" errors="0" timestamp="2022-09-05T12:04:40" hostname="ALEXAORUS" time="0.018">
  <properties/>
  <testcase name="should do something$k_blockchain()" classname="CreateBlockchainTest" time="0.018"/>
  <system-out><![CDATA[]]></system-out>
  <system-err><![CDATA[]]></system-err>
</testsuite>
